[debug] [2025-06-17T05:31:55.895Z] ----------------------------------------------------------------------
[debug] [2025-06-17T05:31:55.897Z] Command:       /usr/local/bin/node /usr/local/bin/firebase init
[debug] [2025-06-17T05:31:55.897Z] CLI Version:   14.5.1
[debug] [2025-06-17T05:31:55.897Z] Platform:      darwin
[debug] [2025-06-17T05:31:55.897Z] Node Version:  v22.14.0
[debug] [2025-06-17T05:31:55.897Z] Time:          Tue Jun 17 2025 11:01:55 GMT+0530 (India Standard Time)
[debug] [2025-06-17T05:31:55.897Z] ----------------------------------------------------------------------
[debug] 
[debug] [2025-06-17T05:31:55.900Z] > command requires scopes: ["email","openid","https://www.googleapis.com/auth/cloudplatformprojects.readonly","https://www.googleapis.com/auth/firebase","https://www.googleapis.com/auth/cloud-platform"]
[debug] [2025-06-17T05:31:55.900Z] > authorizing via signed-in user (kazuokaze00@gmail.com)
[info] 
     ######## #### ########  ######## ########     ###     ######  ########
     ##        ##  ##     ## ##       ##     ##  ##   ##  ##       ##
     ######    ##  ########  ######   ########  #########  ######  ######
     ##        ##  ##    ##  ##       ##     ## ##     ##       ## ##
     ##       #### ##     ## ######## ########  ##     ##  ######  ########

You're about to initialize a Firebase project in this directory:

  /Users/souravmehta/Documents/code/gfrp/gfrp

[info] 
=== Project Setup
[info] 
[info] First, let's associate this project directory with a Firebase project.
[info] You can create multiple project aliases by running firebase use --add, 
[info] but for now we'll just set up a default project.
[info] 
[debug] [2025-06-17T05:32:06.414Z] Checked if tokens are valid: true, expires at: 1750141903514
[debug] [2025-06-17T05:32:06.415Z] Checked if tokens are valid: true, expires at: 1750141903514
[debug] [2025-06-17T05:32:06.416Z] >>> [apiv2][query] GET https://firebase.googleapis.com/v1beta1/projects pageSize=100
[debug] [2025-06-17T05:32:06.971Z] <<< [apiv2][status] GET https://firebase.googleapis.com/v1beta1/projects 200
[debug] [2025-06-17T05:32:06.971Z] <<< [apiv2][body] GET https://firebase.googleapis.com/v1beta1/projects [omitted]
[info] i  Using project gfrp-india (gfrp-india) 
[info] 
=== Hosting Setup
[debug] [2025-06-17T05:32:10.254Z] Checked if tokens are valid: true, expires at: 1750141903514
[debug] [2025-06-17T05:32:10.255Z] Checked if tokens are valid: true, expires at: 1750141903514
[debug] [2025-06-17T05:32:10.255Z] >>> [apiv2][query] GET https://firebase.googleapis.com/v1beta1/projects/gfrp-india [none]
[debug] [2025-06-17T05:32:10.895Z] <<< [apiv2][status] GET https://firebase.googleapis.com/v1beta1/projects/gfrp-india 200
[debug] [2025-06-17T05:32:10.895Z] <<< [apiv2][body] GET https://firebase.googleapis.com/v1beta1/projects/gfrp-india {"projectId":"gfrp-india","projectNumber":"246911911100","displayName":"gfrp-india","name":"projects/gfrp-india","resources":{"hostingSite":"gfrp-india"},"state":"ACTIVE","etag":"1_877144c4-71b9-424c-8189-6c2408f26389"}
[info] 
[info] Your public directory is the folder (relative to your project directory) that
[info] will contain Hosting assets to be uploaded with firebase deploy. If you
[info] have a build process for your assets, use your build's output directory.
[info] 
[debug] [2025-06-17T05:32:15.768Z] ExitPromptError: User force closed the prompt with SIGINT
    at Interface.sigint (/usr/local/lib/node_modules/firebase-tools/node_modules/@inquirer/core/dist/commonjs/lib/create-prompt.js:101:37)
    at Interface.emit (node:events:518:28)
    at Interface.emit (node:domain:489:12)
    at [_ttyWrite] [as _ttyWrite] (node:internal/readline/interface:1124:18)
    at ReadStream.onkeypress (node:internal/readline/interface:263:20)
    at ReadStream.emit (node:events:530:35)
    at ReadStream.emit (node:domain:489:12)
    at emitKeys (node:internal/readline/utils:370:14)
    at emitKeys.next (<anonymous>)
    at ReadStream.onData (node:internal/readline/emitKeypressEvents:64:36)
[error] 
[error] Error: An unexpected error has occurred.
